  bypass.cpp
  hack.cpp
C:\Users\Sam\Documents\GitHub\stars\stars\minty\hack.cpp(1,10): warning C4067: unexpected tokens following preprocessor directive - expected a newline
C:\Users\Sam\Documents\GitHub\stars\stars\minty\hack.cpp(13,17): warning C4101: 'unity_player': unreferenced local variable
C:\Users\Sam\Documents\GitHub\stars\stars\minty\hack.cpp(25,18): warning C4101: 'unity_player': unreferenced local variable
  hook.cpp
  main.cpp
C:\Users\Sam\Documents\GitHub\stars\stars\minty\main.cpp(167,57): warning C4305: 'argument': truncation from 'double' to 'float'
  themes.cpp
  utils.cpp
  imgui.cpp
  imgui_demo.cpp
  imgui_draw.cpp
  imgui_impl_dx11.cpp
  imgui_impl_win32.cpp
  imgui_tables.cpp
  imgui_widgets.cpp
  TextEditor.cpp
  kiero.cpp
  buffer.c
  hook.c
  trampoline.c
  hde32.c
  hde64.c
  lapi.c
  lauxlib.c
  lbaselib.c
  lbitlib.c
  lcode.c
  lcorolib.c
  lctype.c
  ldblib.c
  ldebug.c
  ldo.c
  ldump.c
C:\Users\Sam\Documents\GitHub\stars\stars\minty\lua\ldump.c(77,36): warning C4267: 'initializing': conversion from 'size_t' to 'unsigned long', possible loss of data
  lfunc.c
  lgc.c
  linit.c
  liolib.c
  llex.c
  lmathlib.c
  lmem.c
  loadlib.c
  lobject.c
  Compiling...
  lopcodes.c
  loslib.c
  lparser.c
  lstate.c
  lstring.c
  lstrlib.c
  ltable.c
  ltablib.c
  ltm.c
  lundump.c
  lutf8lib.c
  lvm.c
  lzio.c
  Generating code
  Previous IPDB not found, fall back to full compilation.
  All 2622 functions were compiled because no usable IPDB/IOBJ from previous compilation was found.
  Finished generating code
  minty.vcxproj -> C:\Users\Sam\Documents\GitHub\stars\stars\x64\Release\stars.dll
