c:\users\sam\documents\github\stars\stars\minty\x64\release\vc143.pdb
c:\users\sam\documents\github\stars\stars\minty\x64\release\utils.obj
c:\users\sam\documents\github\stars\stars\minty\x64\release\themes.obj
c:\users\sam\documents\github\stars\stars\minty\x64\release\main.obj
c:\users\sam\documents\github\stars\stars\minty\x64\release\hook.obj
c:\users\sam\documents\github\stars\stars\minty\x64\release\bypass.obj
c:\users\sam\documents\github\stars\stars\minty\x64\release\imgui\texteditor.obj
c:\users\sam\documents\github\stars\stars\minty\x64\release\imgui\imgui_widgets.obj
c:\users\sam\documents\github\stars\stars\minty\x64\release\imgui\imgui_tables.obj
c:\users\sam\documents\github\stars\stars\minty\x64\release\imgui\imgui_impl_win32.obj
c:\users\sam\documents\github\stars\stars\minty\x64\release\imgui\imgui_impl_dx11.obj
c:\users\sam\documents\github\stars\stars\minty\x64\release\imgui\imgui_draw.obj
c:\users\sam\documents\github\stars\stars\minty\x64\release\imgui\imgui_demo.obj
c:\users\sam\documents\github\stars\stars\minty\x64\release\imgui\imgui.obj
c:\users\sam\documents\github\stars\stars\minty\x64\release\kiero\kiero.obj
c:\users\sam\documents\github\stars\stars\minty\x64\release\kiero\minhook\src\trampoline.obj
c:\users\sam\documents\github\stars\stars\minty\x64\release\kiero\minhook\src\hook.obj
c:\users\sam\documents\github\stars\stars\minty\x64\release\kiero\minhook\src\buffer.obj
c:\users\sam\documents\github\stars\stars\minty\x64\release\kiero\minhook\src\hde\hde64.obj
c:\users\sam\documents\github\stars\stars\minty\x64\release\kiero\minhook\src\hde\hde32.obj
c:\users\sam\documents\github\stars\stars\minty\x64\release\lua\lobject.obj
c:\users\sam\documents\github\stars\stars\minty\x64\release\lua\loadlib.obj
c:\users\sam\documents\github\stars\stars\minty\x64\release\lua\lmem.obj
c:\users\sam\documents\github\stars\stars\minty\x64\release\lua\lmathlib.obj
c:\users\sam\documents\github\stars\stars\minty\x64\release\lua\llex.obj
c:\users\sam\documents\github\stars\stars\minty\x64\release\lua\liolib.obj
c:\users\sam\documents\github\stars\stars\minty\x64\release\lua\linit.obj
c:\users\sam\documents\github\stars\stars\minty\x64\release\lua\lgc.obj
c:\users\sam\documents\github\stars\stars\minty\x64\release\lua\lfunc.obj
c:\users\sam\documents\github\stars\stars\minty\x64\release\lua\ldump.obj
c:\users\sam\documents\github\stars\stars\minty\x64\release\lua\ldo.obj
c:\users\sam\documents\github\stars\stars\minty\x64\release\lua\ldebug.obj
c:\users\sam\documents\github\stars\stars\minty\x64\release\lua\ldblib.obj
c:\users\sam\documents\github\stars\stars\minty\x64\release\lua\lctype.obj
c:\users\sam\documents\github\stars\stars\minty\x64\release\lua\lcorolib.obj
c:\users\sam\documents\github\stars\stars\minty\x64\release\lua\lcode.obj
c:\users\sam\documents\github\stars\stars\minty\x64\release\lua\lbitlib.obj
c:\users\sam\documents\github\stars\stars\minty\x64\release\lua\lbaselib.obj
c:\users\sam\documents\github\stars\stars\minty\x64\release\lua\lauxlib.obj
c:\users\sam\documents\github\stars\stars\minty\x64\release\lua\lapi.obj
c:\users\sam\documents\github\stars\stars\minty\x64\release\lua\lzio.obj
c:\users\sam\documents\github\stars\stars\minty\x64\release\lua\lvm.obj
c:\users\sam\documents\github\stars\stars\minty\x64\release\lua\lutf8lib.obj
c:\users\sam\documents\github\stars\stars\minty\x64\release\lua\lundump.obj
c:\users\sam\documents\github\stars\stars\minty\x64\release\lua\ltm.obj
c:\users\sam\documents\github\stars\stars\minty\x64\release\lua\ltablib.obj
c:\users\sam\documents\github\stars\stars\minty\x64\release\lua\ltable.obj
c:\users\sam\documents\github\stars\stars\minty\x64\release\lua\lstrlib.obj
c:\users\sam\documents\github\stars\stars\minty\x64\release\lua\lstring.obj
c:\users\sam\documents\github\stars\stars\minty\x64\release\lua\lstate.obj
c:\users\sam\documents\github\stars\stars\minty\x64\release\lua\lparser.obj
c:\users\sam\documents\github\stars\stars\minty\x64\release\lua\loslib.obj
c:\users\sam\documents\github\stars\stars\minty\x64\release\lua\lopcodes.obj
c:\users\sam\documents\github\stars\stars\minty\x64\release\hack.obj
c:\users\sam\documents\github\stars\stars\x64\release\stars.dll
c:\users\sam\documents\github\stars\stars\minty\x64\release\stars.ipdb
c:\users\sam\documents\github\stars\stars\x64\release\stars.pdb
c:\users\sam\documents\github\stars\stars\minty\x64\release\stars.iobj
c:\users\sam\documents\github\stars\stars\minty\x64\release\stars.tlog\cl.command.1.tlog
c:\users\sam\documents\github\stars\stars\minty\x64\release\stars.tlog\cl.read.1.tlog
c:\users\sam\documents\github\stars\stars\minty\x64\release\stars.tlog\cl.write.1.tlog
c:\users\sam\documents\github\stars\stars\minty\x64\release\stars.tlog\link.command.1.tlog
c:\users\sam\documents\github\stars\stars\minty\x64\release\stars.tlog\link.read.1.tlog
c:\users\sam\documents\github\stars\stars\minty\x64\release\stars.tlog\link.write.1.tlog
