  Building 'DBKKernel' with toolset 'WindowsKernelModeDriver10.0' and the 'Desktop' target platform.
  Stamping Releasewithoutsig\DBK32.inf
  Stamping [Version] section with DriverVer=04/30/2023,22.45.30.824
C:\Users\SamzyDev\Documents\GitHub\dumper\UDCE\src\cheat-engine-master\DBKKernel\DBK32.inf(5-5): warning 1324: [Version] section should specify PnpLockdown=1.
  Assembling i386\noexceptionsa.asm...
  Assembling segmentinfo.asm...
  DBKDrvr.c
  DBKFunc.c
  debugger.c
  deepkernel.c
  interruptHook.c
  IOPLDispatcher.c
C:\Users\SamzyDev\Documents\GitHub\dumper\UDCE\src\cheat-engine-master\DBKKernel\IOPLDispatcher.c(2183,68): error C2220: the following warning is treated as an error
C:\Users\SamzyDev\Documents\GitHub\dumper\UDCE\src\cheat-engine-master\DBKKernel\IOPLDispatcher.c(2183,68): warning C4305: 'type cast': truncation from 'UINT64' to 'void *'
C:\Users\SamzyDev\Documents\GitHub\dumper\UDCE\src\cheat-engine-master\DBKKernel\IOPLDispatcher.c(2183,105): warning C4305: 'type cast': truncation from 'UINT64' to 'void *'
  memscan.c
  noexceptions.c
  processlist.c
  threads.c
  ultimap.c
  ultimap2.c
  apic.c
  vmxhelper.c
  vmxoffload.c
  Generating Code...
